Microsoft HTML Help Compiler 4.74.8702

Compiling e:\Jewel\门店版帮助.chm

查看报表\1.png
查看报表\2.png
查看报表\3.png
查看报表\4.png
查看报表\5.png
查看报表\6.png
查看报表\7.png
查看报表\8.png
查看报表\9.png
查看报表\年度报表.html
查看报表\年度报表2.html
查看报表\年度报表23.html
更改自已的密码\1.png
更改自已的密码\2.png
将商品退回总库\1.png
接收总部发过来的货品\1.png
接收总部发过来的货品\2.png
进行库存盘点\1.png
进行库存盘点\2.png
进行库存盘点\3.png
进行库存盘点\4.png
进行库存盘点\5.png
进行库存盘点\6.png
进行库存盘点\7.png
进行库存盘点\盘点.html
如何开始？\1.png
如何开始？\10..png
如何开始？\11.png
如何开始？\12.png
如何开始？\13.png
如何开始？\2.png
如何开始？\3.png
如何开始？\4.png
如何开始？\5.png
如何开始？\6.png
如何开始？\7.png
如何开始？\8.png
如何开始？\9.png
如何开始？\如何开始.html
销售商品\1.png
销售商品\2.png
销售商品\3.png
销售商品\4.png
销售商品\5.png
销售商品\6.png
销售商品\7.png
销售商品\8.png
销售商品\销售.html
销退处理\9.png
销退处理\销退.html
TOC-Created-By-Easy-CHM.HHC
Index-Created-By-Easy-CHM.HHK

Compile time: 0 minutes, 2 seconds
9	Topics
28	Local links
0	Internet links
0	Graphics


Created e:\Jewel\门店版帮助.chm, 693,975 bytes
Compression decreased file by 65,638 bytes.
